<?xml version="1.0" encoding="UTF-8"?>
<!-- Generated by org.testng.reporters.JUnitReportReporter -->
<testsuite hostname="SEVEN-BITS" failures="0" tests="2" name="com.testcases.LoginPageTest" time="25.240" errors="0" timestamp="2022-09-15T11:04:22 IST" skipped="0">
  <testcase classname="com.testcases.LoginPageTest" name="login" time="13.590"/>
  <system-out/>
  <testcase classname="com.testcases.LoginPageTest" name="forgotPwdLinkVerify" time="11.650"/>
  <system-out/>
</testsuite> <!-- com.testcases.LoginPageTest -->
